Watching for file changes with StatReloader
Watching for file changes with StatReloader
"GET /admin/chats/user/add/?_changelist_filters=role__exact%3Dhost HTTP/1.1" 200 25353
"GET /admin/jsi18n/ HTTP/1.1" 200 3342
"GET /admin/chats/user/?role__exact=host HTTP/1.1" 200 11923
"GET /admin/chats/user/?role__exact=guest HTTP/1.1" 200 14284
"GET /admin/chats/user/ HTTP/1.1" 200 13844
"GET /admin/chats/user/add/ HTTP/1.1" 200 25304
"GET /admin/jsi18n/ HTTP/1.1" 200 3342
"GET /admin/chats/user/ HTTP/1.1" 200 13844
Watching for file changes with StatReloader
"GET /admin/chats/user/ HTTP/1.1" 200 14387
"GET /admin/jsi18n/ HTTP/1.1" 200 3342
"GET /admin/chats/user/add/ HTTP/1.1" 200 25304
"GET /admin/jsi18n/ HTTP/1.1" 200 3342
"GET /admin/chats/user/ HTTP/1.1" 200 14387
"GET /admin/chats/user/?created_at__gte=2025-07-30+00%3A00%3A00%2B00%3A00&created_at__lt=2025-07-31+00%3A00%3A00%2B00%3A00 HTTP/1.1" 200 14708
"GET /admin/jsi18n/ HTTP/1.1" 200 3342
"GET /admin/chats/user/? HTTP/1.1" 200 14387
"GET /admin/jsi18n/ HTTP/1.1" 200 3342
"GET /admin/auth/group/add/ HTTP/1.1" 200 14670
"GET /admin/jsi18n/ HTTP/1.1" 200 3342
"GET /static/admin/js/SelectFilter2.js HTTP/1.1" 200 15845
"GET /static/admin/js/SelectBox.js HTTP/1.1" 200 4530
"GET /static/admin/img/search.svg HTTP/1.1" 200 458
"GET /static/admin/img/selector-icons.svg HTTP/1.1" 200 3291
"GET /admin/auth/ HTTP/1.1" 200 5563
"GET /static/admin/css/dashboard.css HTTP/1.1" 200 441
"GET /static/admin/img/icon-changelink.svg HTTP/1.1" 200 380
"GET /admin/ HTTP/1.1" 200 8896
"GET /admin/chats/user/ HTTP/1.1" 200 14387
"GET /admin/jsi18n/ HTTP/1.1" 200 3342
Watching for file changes with StatReloader
"GET /admin/chats/user/ HTTP/1.1" 200 14387
"GET /admin/jsi18n/ HTTP/1.1" 200 3342
"GET /static/admin/css/dark_mode.css HTTP/1.1" 200 2808
"GET /static/admin/css/base.css HTTP/1.1" 200 22120
"GET /static/admin/js/theme.js HTTP/1.1" 200 1653
"GET /static/admin/js/jquery.init.js HTTP/1.1" 200 347
"GET /static/admin/css/nav_sidebar.css HTTP/1.1" 200 2810
"GET /static/admin/css/changelists.css HTTP/1.1" 200 6878
"GET /static/admin/js/vendor/jquery/jquery.js HTTP/1.1" 200 285314
"GET /static/admin/js/core.js HTTP/1.1" 200 6208
"GET /static/admin/js/actions.js HTTP/1.1" 200 8076
"GET /static/admin/js/urlify.js HTTP/1.1" 200 7887
"GET /static/admin/js/prepopulate.js HTTP/1.1" 200 1531
"GET /static/admin/js/admin/RelatedObjectLookups.js HTTP/1.1" 200 9777
"GET /static/admin/css/responsive.css HTTP/1.1" 200 16565
"GET /static/admin/js/nav_sidebar.js HTTP/1.1" 200 3063
"GET /static/admin/js/filters.js HTTP/1.1" 200 978
"GET /static/admin/js/vendor/xregexp/xregexp.js HTTP/1.1" 200 325171
"GET /static/admin/img/icon-addlink.svg HTTP/1.1" 200 331
"GET /static/admin/img/tooltag-add.svg HTTP/1.1" 200 331
"GET /static/admin/img/icon-viewlink.svg HTTP/1.1" 200 581
Not Found: /favicon.ico
"GET /favicon.ico HTTP/1.1" 404 2514
Not Found: /.well-known/appspecific/com.chrome.devtools.json
"GET /.well-known/appspecific/com.chrome.devtools.json HTTP/1.1" 404 2625
Watching for file changes with StatReloader
"GET /admin/auth/ HTTP/1.1" 200 5563
"GET /static/admin/css/dashboard.css HTTP/1.1" 200 441
"GET /static/admin/img/icon-changelink.svg HTTP/1.1" 200 380
"GET /admin/ HTTP/1.1" 200 8896
"GET /admin/chats/message/ HTTP/1.1" 200 10794
"GET /admin/jsi18n/ HTTP/1.1" 200 3342
"GET /admin/chats/message/add/ HTTP/1.1" 200 15248
"GET /static/admin/css/forms.css HTTP/1.1" 200 8525
"GET /static/admin/js/calendar.js HTTP/1.1" 200 9141
"GET /admin/jsi18n/ HTTP/1.1" 200 3342
"GET /static/admin/js/admin/DateTimeShortcuts.js HTTP/1.1" 200 19319
"GET /static/admin/css/widgets.css HTTP/1.1" 200 11991
"GET /static/admin/js/change_form.js HTTP/1.1" 200 606
"GET /static/admin/js/prepopulate_init.js HTTP/1.1" 200 586
"GET /static/admin/img/icon-clock.svg HTTP/1.1" 200 677
"GET /static/admin/img/icon-calendar.svg HTTP/1.1" 200 1086
"GET /static/admin/img/calendar-icons.svg HTTP/1.1" 200 2455
"POST /admin/chats/message/add/ HTTP/1.1" 200 15491
"GET /admin/jsi18n/ HTTP/1.1" 200 3342
"GET /admin/chats/conversation/add/?_to_field=conversation_id&_popup=1 HTTP/1.1" 200 6499
"GET /admin/jsi18n/ HTTP/1.1" 200 3342
"POST /admin/chats/conversation/add/?_to_field=conversation_id&_popup=1 HTTP/1.1" 200 6718
"GET /admin/jsi18n/ HTTP/1.1" 200 3342
"POST /admin/chats/conversation/add/?_to_field=conversation_id&_popup=1 HTTP/1.1" 200 404
"GET /static/admin/js/popup_response.js HTTP/1.1" 200 532
"POST /admin/chats/message/add/ HTTP/1.1" 302 0
"GET /admin/chats/message/ HTTP/1.1" 200 13155
"GET /admin/jsi18n/ HTTP/1.1" 200 3342
"GET /static/admin/img/icon-yes.svg HTTP/1.1" 200 436
"GET /admin/chats/conversation/add/ HTTP/1.1" 200 12544
"GET /admin/jsi18n/ HTTP/1.1" 200 3342
"POST /admin/chats/conversation/add/ HTTP/1.1" 302 0
"GET /admin/chats/conversation/ HTTP/1.1" 200 13298
"GET /admin/jsi18n/ HTTP/1.1" 200 3342
"POST /admin/chats/conversation/ HTTP/1.1" 302 0
"GET /admin/chats/conversation/ HTTP/1.1" 200 13204
"GET /admin/jsi18n/ HTTP/1.1" 200 3342
"GET /static/admin/img/icon-alert.svg HTTP/1.1" 200 504
Watching for file changes with StatReloader
"GET /admin/chats/conversation/ HTTP/1.1" 200 13011
"GET /admin/chats/message/add/ HTTP/1.1" 200 15478
"GET /admin/jsi18n/ HTTP/1.1" 200 3342
"GET /admin/chats/conversation/add/?_to_field=conversation_id&_popup=1 HTTP/1.1" 200 6499
"GET /admin/jsi18n/ HTTP/1.1" 200 3342
"POST /admin/chats/conversation/add/?_to_field=conversation_id&_popup=1 HTTP/1.1" 200 404
"POST /admin/chats/message/add/ HTTP/1.1" 302 0
"GET /admin/chats/message/ HTTP/1.1" 200 13759
"GET /admin/jsi18n/ HTTP/1.1" 200 3342
"POST /admin/chats/message/ HTTP/1.1" 302 0
"GET /admin/chats/message/ HTTP/1.1" 200 13677
"GET /admin/jsi18n/ HTTP/1.1" 200 3342
