Watching for file changes with StatReloader
Watching for file changes with StatReloader
"GET /admin/chats/user/add/?_changelist_filters=role__exact%3Dhost HTTP/1.1" 200 25353
"GET /admin/jsi18n/ HTTP/1.1" 200 3342
"GET /admin/chats/user/?role__exact=host HTTP/1.1" 200 11923
"GET /admin/chats/user/?role__exact=guest HTTP/1.1" 200 14284
"GET /admin/chats/user/ HTTP/1.1" 200 13844
"GET /admin/chats/user/add/ HTTP/1.1" 200 25304
"GET /admin/jsi18n/ HTTP/1.1" 200 3342
"GET /admin/chats/user/ HTTP/1.1" 200 13844
Watching for file changes with StatReloader
"GET /admin/chats/user/ HTTP/1.1" 200 14387
"GET /admin/jsi18n/ HTTP/1.1" 200 3342
"GET /admin/chats/user/add/ HTTP/1.1" 200 25304
"GET /admin/jsi18n/ HTTP/1.1" 200 3342
"GET /admin/chats/user/ HTTP/1.1" 200 14387
"GET /admin/chats/user/?created_at__gte=2025-07-30+00%3A00%3A00%2B00%3A00&created_at__lt=2025-07-31+00%3A00%3A00%2B00%3A00 HTTP/1.1" 200 14708
"GET /admin/jsi18n/ HTTP/1.1" 200 3342
"GET /admin/chats/user/? HTTP/1.1" 200 14387
"GET /admin/jsi18n/ HTTP/1.1" 200 3342
"GET /admin/auth/group/add/ HTTP/1.1" 200 14670
"GET /admin/jsi18n/ HTTP/1.1" 200 3342
"GET /static/admin/js/SelectFilter2.js HTTP/1.1" 200 15845
"GET /static/admin/js/SelectBox.js HTTP/1.1" 200 4530
"GET /static/admin/img/search.svg HTTP/1.1" 200 458
"GET /static/admin/img/selector-icons.svg HTTP/1.1" 200 3291
"GET /admin/auth/ HTTP/1.1" 200 5563
"GET /static/admin/css/dashboard.css HTTP/1.1" 200 441
"GET /static/admin/img/icon-changelink.svg HTTP/1.1" 200 380
"GET /admin/ HTTP/1.1" 200 8896
"GET /admin/chats/user/ HTTP/1.1" 200 14387
"GET /admin/jsi18n/ HTTP/1.1" 200 3342
Watching for file changes with StatReloader
"GET /admin/chats/user/ HTTP/1.1" 200 14387
"GET /admin/jsi18n/ HTTP/1.1" 200 3342
"GET /static/admin/css/dark_mode.css HTTP/1.1" 200 2808
"GET /static/admin/css/base.css HTTP/1.1" 200 22120
"GET /static/admin/js/theme.js HTTP/1.1" 200 1653
"GET /static/admin/js/jquery.init.js HTTP/1.1" 200 347
"GET /static/admin/css/nav_sidebar.css HTTP/1.1" 200 2810
"GET /static/admin/css/changelists.css HTTP/1.1" 200 6878
"GET /static/admin/js/vendor/jquery/jquery.js HTTP/1.1" 200 285314
"GET /static/admin/js/core.js HTTP/1.1" 200 6208
"GET /static/admin/js/actions.js HTTP/1.1" 200 8076
"GET /static/admin/js/urlify.js HTTP/1.1" 200 7887
"GET /static/admin/js/prepopulate.js HTTP/1.1" 200 1531
"GET /static/admin/js/admin/RelatedObjectLookups.js HTTP/1.1" 200 9777
"GET /static/admin/css/responsive.css HTTP/1.1" 200 16565
"GET /static/admin/js/nav_sidebar.js HTTP/1.1" 200 3063
"GET /static/admin/js/filters.js HTTP/1.1" 200 978
"GET /static/admin/js/vendor/xregexp/xregexp.js HTTP/1.1" 200 325171
"GET /static/admin/img/icon-addlink.svg HTTP/1.1" 200 331
"GET /static/admin/img/tooltag-add.svg HTTP/1.1" 200 331
"GET /static/admin/img/icon-viewlink.svg HTTP/1.1" 200 581
Not Found: /favicon.ico
"GET /favicon.ico HTTP/1.1" 404 2514
Not Found: /.well-known/appspecific/com.chrome.devtools.json
"GET /.well-known/appspecific/com.chrome.devtools.json HTTP/1.1" 404 2625
Watching for file changes with StatReloader
"GET /admin/auth/ HTTP/1.1" 200 5563
"GET /static/admin/css/dashboard.css HTTP/1.1" 200 441
"GET /static/admin/img/icon-changelink.svg HTTP/1.1" 200 380
"GET /admin/ HTTP/1.1" 200 8896
"GET /admin/chats/message/ HTTP/1.1" 200 10794
"GET /admin/jsi18n/ HTTP/1.1" 200 3342
"GET /admin/chats/message/add/ HTTP/1.1" 200 15248
"GET /static/admin/css/forms.css HTTP/1.1" 200 8525
"GET /static/admin/js/calendar.js HTTP/1.1" 200 9141
"GET /admin/jsi18n/ HTTP/1.1" 200 3342
"GET /static/admin/js/admin/DateTimeShortcuts.js HTTP/1.1" 200 19319
"GET /static/admin/css/widgets.css HTTP/1.1" 200 11991
"GET /static/admin/js/change_form.js HTTP/1.1" 200 606
"GET /static/admin/js/prepopulate_init.js HTTP/1.1" 200 586
"GET /static/admin/img/icon-clock.svg HTTP/1.1" 200 677
"GET /static/admin/img/icon-calendar.svg HTTP/1.1" 200 1086
"GET /static/admin/img/calendar-icons.svg HTTP/1.1" 200 2455
"POST /admin/chats/message/add/ HTTP/1.1" 200 15491
"GET /admin/jsi18n/ HTTP/1.1" 200 3342
"GET /admin/chats/conversation/add/?_to_field=conversation_id&_popup=1 HTTP/1.1" 200 6499
"GET /admin/jsi18n/ HTTP/1.1" 200 3342
"POST /admin/chats/conversation/add/?_to_field=conversation_id&_popup=1 HTTP/1.1" 200 6718
"GET /admin/jsi18n/ HTTP/1.1" 200 3342
"POST /admin/chats/conversation/add/?_to_field=conversation_id&_popup=1 HTTP/1.1" 200 404
"GET /static/admin/js/popup_response.js HTTP/1.1" 200 532
"POST /admin/chats/message/add/ HTTP/1.1" 302 0
"GET /admin/chats/message/ HTTP/1.1" 200 13155
"GET /admin/jsi18n/ HTTP/1.1" 200 3342
"GET /static/admin/img/icon-yes.svg HTTP/1.1" 200 436
"GET /admin/chats/conversation/add/ HTTP/1.1" 200 12544
"GET /admin/jsi18n/ HTTP/1.1" 200 3342
"POST /admin/chats/conversation/add/ HTTP/1.1" 302 0
"GET /admin/chats/conversation/ HTTP/1.1" 200 13298
"GET /admin/jsi18n/ HTTP/1.1" 200 3342
"POST /admin/chats/conversation/ HTTP/1.1" 302 0
"GET /admin/chats/conversation/ HTTP/1.1" 200 13204
"GET /admin/jsi18n/ HTTP/1.1" 200 3342
"GET /static/admin/img/icon-alert.svg HTTP/1.1" 200 504
Watching for file changes with StatReloader
"GET /admin/chats/conversation/ HTTP/1.1" 200 13011
"GET /admin/chats/message/add/ HTTP/1.1" 200 15478
"GET /admin/jsi18n/ HTTP/1.1" 200 3342
"GET /admin/chats/conversation/add/?_to_field=conversation_id&_popup=1 HTTP/1.1" 200 6499
"GET /admin/jsi18n/ HTTP/1.1" 200 3342
"POST /admin/chats/conversation/add/?_to_field=conversation_id&_popup=1 HTTP/1.1" 200 404
"POST /admin/chats/message/add/ HTTP/1.1" 302 0
"GET /admin/chats/message/ HTTP/1.1" 200 13759
"GET /admin/jsi18n/ HTTP/1.1" 200 3342
"POST /admin/chats/message/ HTTP/1.1" 302 0
"GET /admin/chats/message/ HTTP/1.1" 200 13677
"GET /admin/jsi18n/ HTTP/1.1" 200 3342
Watching for file changes with StatReloader
Not Found: /
"GET / HTTP/1.1" 404 2463
"GET /admin/chats/message/ HTTP/1.1" 200 13484
"GET /admin/jsi18n/ HTTP/1.1" 200 3342
C:\Users\USER\My-Projects\alx-backend-python\Django-Middleware-0x03\chats\urls.py changed, reloading.
Watching for file changes with StatReloader
Not Found: /
"GET / HTTP/1.1" 404 2463
Not Found: /
"GET / HTTP/1.1" 404 2463
"GET /admin HTTP/1.1" 301 0
"GET /admin/ HTTP/1.1" 200 11077
Not Found: /
"GET / HTTP/1.1" 404 2463
C:\Users\USER\My-Projects\alx-backend-python\Django-Middleware-0x03\chats\views.py changed, reloading.
Watching for file changes with StatReloader
Not Found: /
"GET / HTTP/1.1" 404 2463
C:\Users\USER\My-Projects\alx-backend-python\Django-Middleware-0x03\messaging_app\urls.py changed, reloading.
Watching for file changes with StatReloader
"GET / HTTP/1.1" 200 622
"GET /admin/ HTTP/1.1" 200 11077
Method Not Allowed: /api/token/
"GET /api/token/ HTTP/1.1" 405 7769
"GET /static/rest_framework/css/bootstrap-tweaks.css HTTP/1.1" 200 3426
"GET /static/rest_framework/js/csrf.js HTTP/1.1" 200 1793
"GET /static/rest_framework/css/bootstrap.min.css HTTP/1.1" 200 121457
"GET /static/rest_framework/css/default.css HTTP/1.1" 200 1152
"GET /static/rest_framework/js/ajax-form.js HTTP/1.1" 200 3796
"GET /static/rest_framework/css/prettify.css HTTP/1.1" 200 817
"GET /static/rest_framework/js/bootstrap.min.js HTTP/1.1" 200 39680
"GET /static/rest_framework/js/prettify-min.js HTTP/1.1" 200 13632
"GET /static/rest_framework/js/default.js HTTP/1.1" 200 1268
"GET /static/rest_framework/js/load-ajax-form.js HTTP/1.1" 200 59
"GET /static/rest_framework/js/jquery-3.7.1.min.js HTTP/1.1" 200 87533
"GET /static/rest_framework/img/grid.png HTTP/1.1" 200 1458
"GET /api/users/ HTTP/1.1" 200 17501
"GET /static/rest_framework/fonts/glyphicons-halflings-regular.woff2 HTTP/1.1" 200 18028
Bad Request: /api/users/
"POST /api/users/ HTTP/1.1" 400 11248
"POST /api/users/ HTTP/1.1" 201 11471
"GET / HTTP/1.1" 200 622
C:\Users\USER\My-Projects\alx-backend-python\Django-Middleware-0x03\messaging_app\settings.py changed, reloading.
Watching for file changes with StatReloader
Watching for file changes with StatReloader
"GET / HTTP/1.1" 200 622
"GET / HTTP/1.1" 200 622
"GET / HTTP/1.1" 200 622
"GET / HTTP/1.1" 200 622
"GET / HTTP/1.1" 200 622
Not Found: /.well-known/appspecific/com.chrome.devtools.json
"GET /.well-known/appspecific/com.chrome.devtools.json HTTP/1.1" 404 2781
Watching for file changes with StatReloader
"GET / HTTP/1.1" 200 622
"GET / HTTP/1.1" 200 622
Watching for file changes with StatReloader
"GET / HTTP/1.1" 200 622
"GET / HTTP/1.1" 200 622
"GET /admin/ HTTP/1.1" 200 11077
"GET /admin/chats/user/add/ HTTP/1.1" 200 25304
"GET /admin/jsi18n/ HTTP/1.1" 200 3342
"GET /admin/ HTTP/1.1" 200 11077
"GET /api/messages/ HTTP/1.1" 200 15804
"GET /static/rest_framework/css/bootstrap.min.css HTTP/1.1" 304 0
"GET /static/rest_framework/css/bootstrap-tweaks.css HTTP/1.1" 304 0
"GET /static/rest_framework/js/csrf.js HTTP/1.1" 304 0
"GET /static/rest_framework/js/prettify-min.js HTTP/1.1" 304 0
"GET /static/rest_framework/css/prettify.css HTTP/1.1" 304 0
"GET /static/rest_framework/js/default.js HTTP/1.1" 304 0
"GET /static/rest_framework/css/default.css HTTP/1.1" 304 0
"GET /static/rest_framework/js/bootstrap.min.js HTTP/1.1" 304 0
"GET /static/rest_framework/js/jquery-3.7.1.min.js HTTP/1.1" 304 0
"GET /static/rest_framework/js/load-ajax-form.js HTTP/1.1" 304 0
"GET /static/rest_framework/js/ajax-form.js HTTP/1.1" 304 0
"GET /static/rest_framework/fonts/glyphicons-halflings-regular.woff2 HTTP/1.1" 304 0
"GET /static/rest_framework/img/grid.png HTTP/1.1" 304 0
"POST /api/messages/ HTTP/1.1" 201 11682
C:\Users\USER\My-Projects\alx-backend-python\Django-Middleware-0x03\messaging_app\urls.py changed, reloading.
Watching for file changes with StatReloader
"GET /api/messages/ HTTP/1.1" 200 16865
"GET / HTTP/1.1" 200 6864
C:\Users\USER\My-Projects\alx-backend-python\Django-Middleware-0x03\messaging_app\urls.py changed, reloading.
Watching for file changes with StatReloader
"GET / HTTP/1.1" 200 6864
"GET /admin/ HTTP/1.1" 200 11077
"GET /api/ HTTP/1.1" 200 6158
"GET /api/messages/ HTTP/1.1" 200 16865
Not Found: /.well-known/appspecific/com.chrome.devtools.json
"GET /.well-known/appspecific/com.chrome.devtools.json HTTP/1.1" 404 2781
- Broken pipe from ('127.0.0.1', 54031)
"GET /api/users/ HTTP/1.1" 200 18135
Not Found: /.well-known/appspecific/com.chrome.devtools.json
"GET /.well-known/appspecific/com.chrome.devtools.json HTTP/1.1" 404 2781
- Broken pipe from ('127.0.0.1', 54033)
"GET /static/rest_framework/css/bootstrap.min.css.map HTTP/1.1" 200 540434
Not Found: /.well-known/appspecific/com.chrome.devtools.json
"GET /.well-known/appspecific/com.chrome.devtools.json HTTP/1.1" 404 2781
Not Found: /.well-known/appspecific/com.chrome.devtools.json
"GET /.well-known/appspecific/com.chrome.devtools.json HTTP/1.1" 404 2781
"GET /api/users/ HTTP/1.1" 200 18135
Not Found: /.well-known/appspecific/com.chrome.devtools.json
"GET /.well-known/appspecific/com.chrome.devtools.json HTTP/1.1" 404 2781
"GET /api/users/ HTTP/1.1" 200 18135
"GET /admin/ HTTP/1.1" 200 11077
"GET / HTTP/1.1" 200 6864
"GET / HTTP/1.1" 200 14537
Internal Server Error: /api/conversations/
Traceback (most recent call last):
  File "C:\Users\USER\My-Projects\alx-backend-python\Django-Middleware-0x03\venv\Lib\site-packages\django\core\handlers\exception.py", line 55, in inner
    response = get_response(request)
               ^^^^^^^^^^^^^^^^^^^^^
  File "C:\Users\USER\My-Projects\alx-backend-python\Django-Middleware-0x03\venv\Lib\site-packages\django\core\handlers\base.py", line 197, in _get_response
    response = wrapped_callback(request, *callback_args, **callback_kwargs)
               ^^^^^^^^^^^^^^^^^^^^^^^^^^^^^^^^^^^^^^^^^^^^^^^^^^^^^^^^^^^^
  File "C:\Users\USER\My-Projects\alx-backend-python\Django-Middleware-0x03\venv\Lib\site-packages\django\views\decorators\csrf.py", line 65, in _view_wrapper
    return view_func(request, *args, **kwargs)
           ^^^^^^^^^^^^^^^^^^^^^^^^^^^^^^^^^^^
  File "C:\Users\USER\My-Projects\alx-backend-python\Django-Middleware-0x03\venv\Lib\site-packages\rest_framework\viewsets.py", line 125, in view
    return self.dispatch(request, *args, **kwargs)
           ^^^^^^^^^^^^^^^^^^^^^^^^^^^^^^^^^^^^^^^
  File "C:\Users\USER\My-Projects\alx-backend-python\Django-Middleware-0x03\venv\Lib\site-packages\rest_framework\views.py", line 515, in dispatch
    response = self.handle_exception(exc)
               ^^^^^^^^^^^^^^^^^^^^^^^^^^
  File "C:\Users\USER\My-Projects\alx-backend-python\Django-Middleware-0x03\venv\Lib\site-packages\rest_framework\views.py", line 475, in handle_exception
    self.raise_uncaught_exception(exc)
  File "C:\Users\USER\My-Projects\alx-backend-python\Django-Middleware-0x03\venv\Lib\site-packages\rest_framework\views.py", line 486, in raise_uncaught_exception
    raise exc
  File "C:\Users\USER\My-Projects\alx-backend-python\Django-Middleware-0x03\venv\Lib\site-packages\rest_framework\views.py", line 512, in dispatch
    response = handler(request, *args, **kwargs)
               ^^^^^^^^^^^^^^^^^^^^^^^^^^^^^^^^^
  File "C:\Users\USER\My-Projects\alx-backend-python\Django-Middleware-0x03\venv\Lib\site-packages\rest_framework\mixins.py", line 38, in list
    queryset = self.filter_queryset(self.get_queryset())
                                    ^^^^^^^^^^^^^^^^^^^
  File "C:\Users\USER\My-Projects\alx-backend-python\Django-Middleware-0x03\chats\views.py", line 74, in get_queryset
    ).distinct().order_by('-updated_at')
                 ^^^^^^^^^^^^^^^^^^^^^^^
  File "C:\Users\USER\My-Projects\alx-backend-python\Django-Middleware-0x03\venv\Lib\site-packages\django\db\models\query.py", line 1722, in order_by
    obj.query.add_ordering(*field_names)
  File "C:\Users\USER\My-Projects\alx-backend-python\Django-Middleware-0x03\venv\Lib\site-packages\django\db\models\sql\query.py", line 2291, in add_ordering
    self.names_to_path(item.split(LOOKUP_SEP), self.model._meta)
  File "C:\Users\USER\My-Projects\alx-backend-python\Django-Middleware-0x03\venv\Lib\site-packages\django\db\models\sql\query.py", line 1805, in names_to_path
    raise FieldError(
django.core.exceptions.FieldError: Cannot resolve keyword 'updated_at' into field. Choices are: conversation_id, created_at, messages, participants
"GET /api/conversations/ HTTP/1.1" 500 126313
"GET /api/ HTTP/1.1" 200 6158
"GET /admin/ HTTP/1.1" 200 11077
Method Not Allowed: /api/token/
"GET /api/token/ HTTP/1.1" 405 7769
Internal Server Error: /api/conversations/
Traceback (most recent call last):
  File "C:\Users\USER\My-Projects\alx-backend-python\Django-Middleware-0x03\venv\Lib\site-packages\django\core\handlers\exception.py", line 55, in inner
    response = get_response(request)
               ^^^^^^^^^^^^^^^^^^^^^
  File "C:\Users\USER\My-Projects\alx-backend-python\Django-Middleware-0x03\venv\Lib\site-packages\django\core\handlers\base.py", line 197, in _get_response
    response = wrapped_callback(request, *callback_args, **callback_kwargs)
               ^^^^^^^^^^^^^^^^^^^^^^^^^^^^^^^^^^^^^^^^^^^^^^^^^^^^^^^^^^^^
  File "C:\Users\USER\My-Projects\alx-backend-python\Django-Middleware-0x03\venv\Lib\site-packages\django\views\decorators\csrf.py", line 65, in _view_wrapper
    return view_func(request, *args, **kwargs)
           ^^^^^^^^^^^^^^^^^^^^^^^^^^^^^^^^^^^
  File "C:\Users\USER\My-Projects\alx-backend-python\Django-Middleware-0x03\venv\Lib\site-packages\rest_framework\viewsets.py", line 125, in view
    return self.dispatch(request, *args, **kwargs)
           ^^^^^^^^^^^^^^^^^^^^^^^^^^^^^^^^^^^^^^^
  File "C:\Users\USER\My-Projects\alx-backend-python\Django-Middleware-0x03\venv\Lib\site-packages\rest_framework\views.py", line 515, in dispatch
    response = self.handle_exception(exc)
               ^^^^^^^^^^^^^^^^^^^^^^^^^^
  File "C:\Users\USER\My-Projects\alx-backend-python\Django-Middleware-0x03\venv\Lib\site-packages\rest_framework\views.py", line 475, in handle_exception
    self.raise_uncaught_exception(exc)
  File "C:\Users\USER\My-Projects\alx-backend-python\Django-Middleware-0x03\venv\Lib\site-packages\rest_framework\views.py", line 486, in raise_uncaught_exception
    raise exc
  File "C:\Users\USER\My-Projects\alx-backend-python\Django-Middleware-0x03\venv\Lib\site-packages\rest_framework\views.py", line 512, in dispatch
    response = handler(request, *args, **kwargs)
               ^^^^^^^^^^^^^^^^^^^^^^^^^^^^^^^^^
  File "C:\Users\USER\My-Projects\alx-backend-python\Django-Middleware-0x03\venv\Lib\site-packages\rest_framework\mixins.py", line 38, in list
    queryset = self.filter_queryset(self.get_queryset())
                                    ^^^^^^^^^^^^^^^^^^^
  File "C:\Users\USER\My-Projects\alx-backend-python\Django-Middleware-0x03\chats\views.py", line 74, in get_queryset
    ).distinct().order_by('-updated_at')
                 ^^^^^^^^^^^^^^^^^^^^^^^
  File "C:\Users\USER\My-Projects\alx-backend-python\Django-Middleware-0x03\venv\Lib\site-packages\django\db\models\query.py", line 1722, in order_by
    obj.query.add_ordering(*field_names)
  File "C:\Users\USER\My-Projects\alx-backend-python\Django-Middleware-0x03\venv\Lib\site-packages\django\db\models\sql\query.py", line 2291, in add_ordering
    self.names_to_path(item.split(LOOKUP_SEP), self.model._meta)
  File "C:\Users\USER\My-Projects\alx-backend-python\Django-Middleware-0x03\venv\Lib\site-packages\django\db\models\sql\query.py", line 1805, in names_to_path
    raise FieldError(
django.core.exceptions.FieldError: Cannot resolve keyword 'updated_at' into field. Choices are: conversation_id, created_at, messages, participants
"GET /api/conversations/ HTTP/1.1" 500 126313
"GET /api/messages/ HTTP/1.1" 200 16865
"GET /api/users/ HTTP/1.1" 200 18135
"GET /api/ HTTP/1.1" 200 6158
"GET /static/rest_framework/css/bootstrap.min.css HTTP/1.1" 304 0
"GET /static/rest_framework/css/bootstrap-tweaks.css HTTP/1.1" 304 0
"GET /static/rest_framework/css/default.css HTTP/1.1" 304 0
"GET /static/rest_framework/js/bootstrap.min.js HTTP/1.1" 304 0
"GET /static/rest_framework/js/prettify-min.js HTTP/1.1" 304 0
"GET /static/rest_framework/js/load-ajax-form.js HTTP/1.1" 304 0
"GET /static/rest_framework/js/default.js HTTP/1.1" 304 0
"GET /static/rest_framework/css/prettify.css HTTP/1.1" 304 0
"GET /static/rest_framework/js/jquery-3.7.1.min.js HTTP/1.1" 304 0
"GET /static/rest_framework/js/ajax-form.js HTTP/1.1" 304 0
"GET /static/rest_framework/js/csrf.js HTTP/1.1" 304 0
Method Not Allowed: /api/token/
"GET /api/token/ HTTP/1.1" 405 7769
Internal Server Error: /api/conversations/
Traceback (most recent call last):
  File "C:\Users\USER\My-Projects\alx-backend-python\Django-Middleware-0x03\venv\Lib\site-packages\django\core\handlers\exception.py", line 55, in inner
    response = get_response(request)
               ^^^^^^^^^^^^^^^^^^^^^
  File "C:\Users\USER\My-Projects\alx-backend-python\Django-Middleware-0x03\venv\Lib\site-packages\django\core\handlers\base.py", line 197, in _get_response
    response = wrapped_callback(request, *callback_args, **callback_kwargs)
               ^^^^^^^^^^^^^^^^^^^^^^^^^^^^^^^^^^^^^^^^^^^^^^^^^^^^^^^^^^^^
  File "C:\Users\USER\My-Projects\alx-backend-python\Django-Middleware-0x03\venv\Lib\site-packages\django\views\decorators\csrf.py", line 65, in _view_wrapper
    return view_func(request, *args, **kwargs)
           ^^^^^^^^^^^^^^^^^^^^^^^^^^^^^^^^^^^
  File "C:\Users\USER\My-Projects\alx-backend-python\Django-Middleware-0x03\venv\Lib\site-packages\rest_framework\viewsets.py", line 125, in view
    return self.dispatch(request, *args, **kwargs)
           ^^^^^^^^^^^^^^^^^^^^^^^^^^^^^^^^^^^^^^^
  File "C:\Users\USER\My-Projects\alx-backend-python\Django-Middleware-0x03\venv\Lib\site-packages\rest_framework\views.py", line 515, in dispatch
    response = self.handle_exception(exc)
               ^^^^^^^^^^^^^^^^^^^^^^^^^^
  File "C:\Users\USER\My-Projects\alx-backend-python\Django-Middleware-0x03\venv\Lib\site-packages\rest_framework\views.py", line 475, in handle_exception
    self.raise_uncaught_exception(exc)
  File "C:\Users\USER\My-Projects\alx-backend-python\Django-Middleware-0x03\venv\Lib\site-packages\rest_framework\views.py", line 486, in raise_uncaught_exception
    raise exc
  File "C:\Users\USER\My-Projects\alx-backend-python\Django-Middleware-0x03\venv\Lib\site-packages\rest_framework\views.py", line 512, in dispatch
    response = handler(request, *args, **kwargs)
               ^^^^^^^^^^^^^^^^^^^^^^^^^^^^^^^^^
  File "C:\Users\USER\My-Projects\alx-backend-python\Django-Middleware-0x03\venv\Lib\site-packages\rest_framework\mixins.py", line 38, in list
    queryset = self.filter_queryset(self.get_queryset())
                                    ^^^^^^^^^^^^^^^^^^^
  File "C:\Users\USER\My-Projects\alx-backend-python\Django-Middleware-0x03\chats\views.py", line 74, in get_queryset
    ).distinct().order_by('-updated_at')
                 ^^^^^^^^^^^^^^^^^^^^^^^
  File "C:\Users\USER\My-Projects\alx-backend-python\Django-Middleware-0x03\venv\Lib\site-packages\django\db\models\query.py", line 1722, in order_by
    obj.query.add_ordering(*field_names)
  File "C:\Users\USER\My-Projects\alx-backend-python\Django-Middleware-0x03\venv\Lib\site-packages\django\db\models\sql\query.py", line 2291, in add_ordering
    self.names_to_path(item.split(LOOKUP_SEP), self.model._meta)
  File "C:\Users\USER\My-Projects\alx-backend-python\Django-Middleware-0x03\venv\Lib\site-packages\django\db\models\sql\query.py", line 1805, in names_to_path
    raise FieldError(
django.core.exceptions.FieldError: Cannot resolve keyword 'updated_at' into field. Choices are: conversation_id, created_at, messages, participants
"GET /api/conversations/ HTTP/1.1" 500 126313
Internal Server Error: /api/conversations/
Traceback (most recent call last):
  File "C:\Users\USER\My-Projects\alx-backend-python\Django-Middleware-0x03\venv\Lib\site-packages\django\core\handlers\exception.py", line 55, in inner
    response = get_response(request)
               ^^^^^^^^^^^^^^^^^^^^^
  File "C:\Users\USER\My-Projects\alx-backend-python\Django-Middleware-0x03\venv\Lib\site-packages\django\core\handlers\base.py", line 197, in _get_response
    response = wrapped_callback(request, *callback_args, **callback_kwargs)
               ^^^^^^^^^^^^^^^^^^^^^^^^^^^^^^^^^^^^^^^^^^^^^^^^^^^^^^^^^^^^
  File "C:\Users\USER\My-Projects\alx-backend-python\Django-Middleware-0x03\venv\Lib\site-packages\django\views\decorators\csrf.py", line 65, in _view_wrapper
    return view_func(request, *args, **kwargs)
           ^^^^^^^^^^^^^^^^^^^^^^^^^^^^^^^^^^^
  File "C:\Users\USER\My-Projects\alx-backend-python\Django-Middleware-0x03\venv\Lib\site-packages\rest_framework\viewsets.py", line 125, in view
    return self.dispatch(request, *args, **kwargs)
           ^^^^^^^^^^^^^^^^^^^^^^^^^^^^^^^^^^^^^^^
  File "C:\Users\USER\My-Projects\alx-backend-python\Django-Middleware-0x03\venv\Lib\site-packages\rest_framework\views.py", line 515, in dispatch
    response = self.handle_exception(exc)
               ^^^^^^^^^^^^^^^^^^^^^^^^^^
  File "C:\Users\USER\My-Projects\alx-backend-python\Django-Middleware-0x03\venv\Lib\site-packages\rest_framework\views.py", line 475, in handle_exception
    self.raise_uncaught_exception(exc)
  File "C:\Users\USER\My-Projects\alx-backend-python\Django-Middleware-0x03\venv\Lib\site-packages\rest_framework\views.py", line 486, in raise_uncaught_exception
    raise exc
  File "C:\Users\USER\My-Projects\alx-backend-python\Django-Middleware-0x03\venv\Lib\site-packages\rest_framework\views.py", line 512, in dispatch
    response = handler(request, *args, **kwargs)
               ^^^^^^^^^^^^^^^^^^^^^^^^^^^^^^^^^
  File "C:\Users\USER\My-Projects\alx-backend-python\Django-Middleware-0x03\venv\Lib\site-packages\rest_framework\mixins.py", line 38, in list
    queryset = self.filter_queryset(self.get_queryset())
                                    ^^^^^^^^^^^^^^^^^^^
  File "C:\Users\USER\My-Projects\alx-backend-python\Django-Middleware-0x03\chats\views.py", line 74, in get_queryset
    ).distinct().order_by('-updated_at')
                 ^^^^^^^^^^^^^^^^^^^^^^^
  File "C:\Users\USER\My-Projects\alx-backend-python\Django-Middleware-0x03\venv\Lib\site-packages\django\db\models\query.py", line 1722, in order_by
    obj.query.add_ordering(*field_names)
  File "C:\Users\USER\My-Projects\alx-backend-python\Django-Middleware-0x03\venv\Lib\site-packages\django\db\models\sql\query.py", line 2291, in add_ordering
    self.names_to_path(item.split(LOOKUP_SEP), self.model._meta)
  File "C:\Users\USER\My-Projects\alx-backend-python\Django-Middleware-0x03\venv\Lib\site-packages\django\db\models\sql\query.py", line 1805, in names_to_path
    raise FieldError(
django.core.exceptions.FieldError: Cannot resolve keyword 'updated_at' into field. Choices are: conversation_id, created_at, messages, participants
"GET /api/conversations/ HTTP/1.1" 500 126450
"GET /api/messages/ HTTP/1.1" 200 16865
"GET /api/users/ HTTP/1.1" 200 18135
Internal Server Error: /api/conversations/
Traceback (most recent call last):
  File "C:\Users\USER\My-Projects\alx-backend-python\Django-Middleware-0x03\venv\Lib\site-packages\django\core\handlers\exception.py", line 55, in inner
    response = get_response(request)
               ^^^^^^^^^^^^^^^^^^^^^
  File "C:\Users\USER\My-Projects\alx-backend-python\Django-Middleware-0x03\venv\Lib\site-packages\django\core\handlers\base.py", line 197, in _get_response
    response = wrapped_callback(request, *callback_args, **callback_kwargs)
               ^^^^^^^^^^^^^^^^^^^^^^^^^^^^^^^^^^^^^^^^^^^^^^^^^^^^^^^^^^^^
  File "C:\Users\USER\My-Projects\alx-backend-python\Django-Middleware-0x03\venv\Lib\site-packages\django\views\decorators\csrf.py", line 65, in _view_wrapper
    return view_func(request, *args, **kwargs)
           ^^^^^^^^^^^^^^^^^^^^^^^^^^^^^^^^^^^
  File "C:\Users\USER\My-Projects\alx-backend-python\Django-Middleware-0x03\venv\Lib\site-packages\rest_framework\viewsets.py", line 125, in view
    return self.dispatch(request, *args, **kwargs)
           ^^^^^^^^^^^^^^^^^^^^^^^^^^^^^^^^^^^^^^^
  File "C:\Users\USER\My-Projects\alx-backend-python\Django-Middleware-0x03\venv\Lib\site-packages\rest_framework\views.py", line 515, in dispatch
    response = self.handle_exception(exc)
               ^^^^^^^^^^^^^^^^^^^^^^^^^^
  File "C:\Users\USER\My-Projects\alx-backend-python\Django-Middleware-0x03\venv\Lib\site-packages\rest_framework\views.py", line 475, in handle_exception
    self.raise_uncaught_exception(exc)
  File "C:\Users\USER\My-Projects\alx-backend-python\Django-Middleware-0x03\venv\Lib\site-packages\rest_framework\views.py", line 486, in raise_uncaught_exception
    raise exc
  File "C:\Users\USER\My-Projects\alx-backend-python\Django-Middleware-0x03\venv\Lib\site-packages\rest_framework\views.py", line 512, in dispatch
    response = handler(request, *args, **kwargs)
               ^^^^^^^^^^^^^^^^^^^^^^^^^^^^^^^^^
  File "C:\Users\USER\My-Projects\alx-backend-python\Django-Middleware-0x03\venv\Lib\site-packages\rest_framework\mixins.py", line 38, in list
    queryset = self.filter_queryset(self.get_queryset())
                                    ^^^^^^^^^^^^^^^^^^^
  File "C:\Users\USER\My-Projects\alx-backend-python\Django-Middleware-0x03\chats\views.py", line 74, in get_queryset
    ).distinct().order_by('-updated_at')
                 ^^^^^^^^^^^^^^^^^^^^^^^
  File "C:\Users\USER\My-Projects\alx-backend-python\Django-Middleware-0x03\venv\Lib\site-packages\django\db\models\query.py", line 1722, in order_by
    obj.query.add_ordering(*field_names)
  File "C:\Users\USER\My-Projects\alx-backend-python\Django-Middleware-0x03\venv\Lib\site-packages\django\db\models\sql\query.py", line 2291, in add_ordering
    self.names_to_path(item.split(LOOKUP_SEP), self.model._meta)
  File "C:\Users\USER\My-Projects\alx-backend-python\Django-Middleware-0x03\venv\Lib\site-packages\django\db\models\sql\query.py", line 1805, in names_to_path
    raise FieldError(
django.core.exceptions.FieldError: Cannot resolve keyword 'updated_at' into field. Choices are: conversation_id, created_at, messages, participants
"GET /api/conversations/ HTTP/1.1" 500 126313
"GET / HTTP/1.1" 200 14537
"GET / HTTP/1.1" 200 14537
"GET / HTTP/1.1" 200 14555
C:\Users\USER\My-Projects\alx-backend-python\Django-Middleware-0x03\chats\views.py changed, reloading.
Watching for file changes with StatReloader
Watching for file changes with StatReloader
Watching for file changes with StatReloader
"GET / HTTP/1.1" 200 14555
Internal Server Error: /api/conversations/
Traceback (most recent call last):
  File "C:\Users\USER\My-Projects\alx-backend-python\Django-Middleware-0x03\venv\Lib\site-packages\django\core\handlers\exception.py", line 55, in inner
    response = get_response(request)
               ^^^^^^^^^^^^^^^^^^^^^
  File "C:\Users\USER\My-Projects\alx-backend-python\Django-Middleware-0x03\venv\Lib\site-packages\django\core\handlers\base.py", line 197, in _get_response
    response = wrapped_callback(request, *callback_args, **callback_kwargs)
               ^^^^^^^^^^^^^^^^^^^^^^^^^^^^^^^^^^^^^^^^^^^^^^^^^^^^^^^^^^^^
  File "C:\Users\USER\My-Projects\alx-backend-python\Django-Middleware-0x03\venv\Lib\site-packages\django\views\decorators\csrf.py", line 65, in _view_wrapper
    return view_func(request, *args, **kwargs)
           ^^^^^^^^^^^^^^^^^^^^^^^^^^^^^^^^^^^
  File "C:\Users\USER\My-Projects\alx-backend-python\Django-Middleware-0x03\venv\Lib\site-packages\rest_framework\viewsets.py", line 125, in view
    return self.dispatch(request, *args, **kwargs)
           ^^^^^^^^^^^^^^^^^^^^^^^^^^^^^^^^^^^^^^^
  File "C:\Users\USER\My-Projects\alx-backend-python\Django-Middleware-0x03\venv\Lib\site-packages\rest_framework\views.py", line 515, in dispatch
    response = self.handle_exception(exc)
               ^^^^^^^^^^^^^^^^^^^^^^^^^^
  File "C:\Users\USER\My-Projects\alx-backend-python\Django-Middleware-0x03\venv\Lib\site-packages\rest_framework\views.py", line 475, in handle_exception
    self.raise_uncaught_exception(exc)
  File "C:\Users\USER\My-Projects\alx-backend-python\Django-Middleware-0x03\venv\Lib\site-packages\rest_framework\views.py", line 486, in raise_uncaught_exception
    raise exc
  File "C:\Users\USER\My-Projects\alx-backend-python\Django-Middleware-0x03\venv\Lib\site-packages\rest_framework\views.py", line 512, in dispatch
    response = handler(request, *args, **kwargs)
               ^^^^^^^^^^^^^^^^^^^^^^^^^^^^^^^^^
  File "C:\Users\USER\My-Projects\alx-backend-python\Django-Middleware-0x03\venv\Lib\site-packages\rest_framework\mixins.py", line 38, in list
    queryset = self.filter_queryset(self.get_queryset())
                                    ^^^^^^^^^^^^^^^^^^^
  File "C:\Users\USER\My-Projects\alx-backend-python\Django-Middleware-0x03\chats\views.py", line 74, in get_queryset
    ).distinct().order_by('-updated_at')
                 ^^^^^^^^^^^^^^^^^^^^^^^
  File "C:\Users\USER\My-Projects\alx-backend-python\Django-Middleware-0x03\venv\Lib\site-packages\django\db\models\query.py", line 1722, in order_by
    obj.query.add_ordering(*field_names)
  File "C:\Users\USER\My-Projects\alx-backend-python\Django-Middleware-0x03\venv\Lib\site-packages\django\db\models\sql\query.py", line 2291, in add_ordering
    self.names_to_path(item.split(LOOKUP_SEP), self.model._meta)
  File "C:\Users\USER\My-Projects\alx-backend-python\Django-Middleware-0x03\venv\Lib\site-packages\django\db\models\sql\query.py", line 1805, in names_to_path
    raise FieldError(
django.core.exceptions.FieldError: Cannot resolve keyword 'updated_at' into field. Choices are: conversation_id, created_at, messages, participants
"GET /api/conversations/ HTTP/1.1" 500 126313
C:\Users\USER\My-Projects\alx-backend-python\Django-Middleware-0x03\chats\models.py changed, reloading.
Watching for file changes with StatReloader
C:\Users\USER\My-Projects\alx-backend-python\Django-Middleware-0x03\chats\models.py changed, reloading.
Watching for file changes with StatReloader
"GET /admin/ HTTP/1.1" 200 11077
"GET /api/ HTTP/1.1" 200 6158
"GET /static/rest_framework/img/grid.png HTTP/1.1" 304 0
Method Not Allowed: /api/token/
"GET /api/token/ HTTP/1.1" 405 7769
"GET /api/users/ HTTP/1.1" 200 18135
"GET /static/rest_framework/fonts/glyphicons-halflings-regular.woff2 HTTP/1.1" 304 0
"GET /api/messages/ HTTP/1.1" 200 16865
Internal Server Error: /api/conversations/
Traceback (most recent call last):
  File "C:\Users\USER\My-Projects\alx-backend-python\Django-Middleware-0x03\venv\Lib\site-packages\django\core\handlers\exception.py", line 55, in inner
    response = get_response(request)
               ^^^^^^^^^^^^^^^^^^^^^
  File "C:\Users\USER\My-Projects\alx-backend-python\Django-Middleware-0x03\venv\Lib\site-packages\django\core\handlers\base.py", line 197, in _get_response
    response = wrapped_callback(request, *callback_args, **callback_kwargs)
               ^^^^^^^^^^^^^^^^^^^^^^^^^^^^^^^^^^^^^^^^^^^^^^^^^^^^^^^^^^^^
  File "C:\Users\USER\My-Projects\alx-backend-python\Django-Middleware-0x03\venv\Lib\site-packages\django\views\decorators\csrf.py", line 65, in _view_wrapper
    return view_func(request, *args, **kwargs)
           ^^^^^^^^^^^^^^^^^^^^^^^^^^^^^^^^^^^
  File "C:\Users\USER\My-Projects\alx-backend-python\Django-Middleware-0x03\venv\Lib\site-packages\rest_framework\viewsets.py", line 125, in view
    return self.dispatch(request, *args, **kwargs)
           ^^^^^^^^^^^^^^^^^^^^^^^^^^^^^^^^^^^^^^^
  File "C:\Users\USER\My-Projects\alx-backend-python\Django-Middleware-0x03\venv\Lib\site-packages\rest_framework\views.py", line 515, in dispatch
    response = self.handle_exception(exc)
               ^^^^^^^^^^^^^^^^^^^^^^^^^^
  File "C:\Users\USER\My-Projects\alx-backend-python\Django-Middleware-0x03\venv\Lib\site-packages\rest_framework\views.py", line 475, in handle_exception
    self.raise_uncaught_exception(exc)
  File "C:\Users\USER\My-Projects\alx-backend-python\Django-Middleware-0x03\venv\Lib\site-packages\rest_framework\views.py", line 486, in raise_uncaught_exception
    raise exc
  File "C:\Users\USER\My-Projects\alx-backend-python\Django-Middleware-0x03\venv\Lib\site-packages\rest_framework\views.py", line 512, in dispatch
    response = handler(request, *args, **kwargs)
               ^^^^^^^^^^^^^^^^^^^^^^^^^^^^^^^^^
  File "C:\Users\USER\My-Projects\alx-backend-python\Django-Middleware-0x03\venv\Lib\site-packages\rest_framework\mixins.py", line 38, in list
    queryset = self.filter_queryset(self.get_queryset())
                                    ^^^^^^^^^^^^^^^^^^^
  File "C:\Users\USER\My-Projects\alx-backend-python\Django-Middleware-0x03\chats\views.py", line 74, in get_queryset
    ).distinct().order_by('-updated_at')
                 ^^^^^^^^^^^^^^^^^^^^^^^
  File "C:\Users\USER\My-Projects\alx-backend-python\Django-Middleware-0x03\venv\Lib\site-packages\django\db\models\query.py", line 1722, in order_by
    obj.query.add_ordering(*field_names)
  File "C:\Users\USER\My-Projects\alx-backend-python\Django-Middleware-0x03\venv\Lib\site-packages\django\db\models\sql\query.py", line 2291, in add_ordering
    self.names_to_path(item.split(LOOKUP_SEP), self.model._meta)
  File "C:\Users\USER\My-Projects\alx-backend-python\Django-Middleware-0x03\venv\Lib\site-packages\django\db\models\sql\query.py", line 1805, in names_to_path
    raise FieldError(
django.core.exceptions.FieldError: Cannot resolve keyword 'updated_at' into field. Choices are: conversation_id, created_at, messages, participants
"GET /api/conversations/ HTTP/1.1" 500 126313
Watching for file changes with StatReloader
"GET / HTTP/1.1" 200 14573
"GET / HTTP/1.1" 200 14573
"GET / HTTP/1.1" 200 14573
"GET / HTTP/1.1" 200 14573
"GET /admin/ HTTP/1.1" 200 11077
"GET /api/ HTTP/1.1" 200 6158
"GET /static/rest_framework/css/bootstrap.min.css HTTP/1.1" 304 0
"GET /static/rest_framework/css/prettify.css HTTP/1.1" 304 0
"GET /static/rest_framework/js/bootstrap.min.js HTTP/1.1" 304 0
"GET /static/rest_framework/js/prettify-min.js HTTP/1.1" 304 0
"GET /static/rest_framework/css/bootstrap-tweaks.css HTTP/1.1" 304 0
"GET /static/rest_framework/js/default.js HTTP/1.1" 304 0
"GET /static/rest_framework/js/load-ajax-form.js HTTP/1.1" 304 0
"GET /static/rest_framework/css/default.css HTTP/1.1" 304 0
"GET /static/rest_framework/js/jquery-3.7.1.min.js HTTP/1.1" 304 0
"GET /static/rest_framework/js/csrf.js HTTP/1.1" 304 0
"GET /static/rest_framework/js/ajax-form.js HTTP/1.1" 304 0
"GET /admin/ HTTP/1.1" 200 11077
"GET /admin/chats/user/ HTTP/1.1" 200 14954
"GET /admin/jsi18n/ HTTP/1.1" 200 3342
"GET /admin/chats/user/?_facets=True HTTP/1.1" 200 15394
"GET /admin/jsi18n/ HTTP/1.1" 200 3342
"GET /static/admin/img/icon-hidelink.svg HTTP/1.1" 200 784
"GET /admin/chats/user/?_facets=True HTTP/1.1" 200 15394
"GET / HTTP/1.1" 200 14555
"GET / HTTP/1.1" 200 14555
Method Not Allowed: /api/token/
"GET /api/token/ HTTP/1.1" 405 7769
"GET /static/rest_framework/css/bootstrap.min.css HTTP/1.1" 304 0
"GET /static/rest_framework/css/bootstrap-tweaks.css HTTP/1.1" 304 0
"GET /static/rest_framework/css/prettify.css HTTP/1.1" 304 0
"GET /static/rest_framework/js/jquery-3.7.1.min.js HTTP/1.1" 304 0
"GET /static/rest_framework/js/bootstrap.min.js HTTP/1.1" 304 0
"GET /static/rest_framework/css/default.css HTTP/1.1" 304 0
"GET /static/rest_framework/js/prettify-min.js HTTP/1.1" 304 0
"GET /static/rest_framework/js/default.js HTTP/1.1" 304 0
"GET /static/rest_framework/js/ajax-form.js HTTP/1.1" 304 0
"GET /static/rest_framework/js/csrf.js HTTP/1.1" 304 0
"GET /static/rest_framework/js/load-ajax-form.js HTTP/1.1" 304 0
Method Not Allowed: /api/token/
"GET /api/token/ HTTP/1.1" 405 7769
"POST /api/token/ HTTP/1.1" 200 8312
Method Not Allowed: /api/token/
"GET /api/token/ HTTP/1.1" 405 7769
"GET /admin/ HTTP/1.1" 200 11077
"GET /admin/authtoken/tokenproxy/ HTTP/1.1" 200 10063
"GET /static/admin/img/search.svg HTTP/1.1" 200 458
"GET /admin/authtoken/tokenproxy/add/ HTTP/1.1" 200 11795
"GET /admin/jsi18n/ HTTP/1.1" 200 3342
"POST /admin/authtoken/tokenproxy/add/ HTTP/1.1" 302 0
"GET /admin/authtoken/tokenproxy/ HTTP/1.1" 200 11379
"GET /static/admin/img/sorting-icons.svg HTTP/1.1" 200 1097
"GET /admin/auth/group/add/ HTTP/1.1" 200 14670
"GET /admin/jsi18n/ HTTP/1.1" 200 3342
"GET /static/admin/js/SelectBox.js HTTP/1.1" 200 4530
"GET /static/admin/js/SelectFilter2.js HTTP/1.1" 200 15845
"GET /static/admin/img/selector-icons.svg HTTP/1.1" 200 3291
"POST /admin/auth/group/add/ HTTP/1.1" 302 0
"GET /admin/auth/group/ HTTP/1.1" 200 11506
"GET /admin/jsi18n/ HTTP/1.1" 200 3342
"GET /admin/auth/group/1/change/ HTTP/1.1" 200 14954
"GET /admin/jsi18n/ HTTP/1.1" 200 3342
"GET /admin/auth/group/add/ HTTP/1.1" 200 14670
"GET /admin/jsi18n/ HTTP/1.1" 200 3342
"GET /admin/chats/conversation/add/ HTTP/1.1" 200 12631
"GET /admin/jsi18n/ HTTP/1.1" 200 3342
"POST /admin/chats/conversation/add/ HTTP/1.1" 302 0
"GET /admin/chats/conversation/ HTTP/1.1" 200 14263
"GET /admin/jsi18n/ HTTP/1.1" 200 3342
"GET /admin/chats/user/add/ HTTP/1.1" 200 25358
"GET /admin/jsi18n/ HTTP/1.1" 200 3342
"POST /admin/chats/user/add/ HTTP/1.1" 200 26095
"GET /admin/jsi18n/ HTTP/1.1" 200 3342
"POST /admin/chats/user/add/ HTTP/1.1" 302 0
"GET /admin/chats/user/ HTTP/1.1" 200 15758
"GET /admin/jsi18n/ HTTP/1.1" 200 3342
"GET /admin/ HTTP/1.1" 200 12675
Watching for file changes with StatReloader
"GET / HTTP/1.1" 200 14555
"GET /api/ HTTP/1.1" 200 6158
"GET /static/rest_framework/img/grid.png HTTP/1.1" 200 1458
